<?xml version="1.0" encoding="UTF-8"?>
<testng-results skipped="0" failed="0" ignored="0" total="2" passed="2">
  <reporter-output>
  </reporter-output>
  <suite name="Default suite" duration-ms="29904" started-at="2019-06-20T14:02:59Z" finished-at="2019-06-20T14:03:29Z">
    <groups>
    </groups>
    <test name="Default test" duration-ms="29904" started-at="2019-06-20T14:02:59Z" finished-at="2019-06-20T14:03:29Z">
      <class name="tests.SearchTest">
        <test-method status="PASS" signature="setup()[pri:0, instance:tests.SearchTest@3e9b1010]" name="setup" is-config="true" duration-ms="1588" started-at="2019-06-20T09:02:59Z" finished-at="2019-06-20T09:03:01Z">
          <reporter-output>
          </reporter-output>
        </test-method> <!-- setup -->
        <test-method status="PASS" signature="testvalidateMessageErrorIsDsiplayed()[pri:1, instance:tests.SearchTest@3e9b1010]" name="testvalidateMessageErrorIsDsiplayed" duration-ms="23456" started-at="2019-06-20T09:03:01Z" finished-at="2019-06-20T09:03:24Z">
          <reporter-output>
          </reporter-output>
        </test-method> <!-- testvalidateMessageErrorIsDsiplayed -->
        <test-method status="PASS" signature="testvalidateMessageErrorIsnotDsiplayed()[pri:1, instance:tests.SearchTest@3e9b1010]" name="testvalidateMessageErrorIsnotDsiplayed" duration-ms="4677" started-at="2019-06-20T09:03:24Z" finished-at="2019-06-20T09:03:29Z">
          <reporter-output>
          </reporter-output>
        </test-method> <!-- testvalidateMessageErrorIsnotDsiplayed -->
        <test-method status="FAIL" signature="tearDown()[pri:0, instance:tests.SearchTest@3e9b1010]" name="tearDown" is-config="true" duration-ms="118" started-at="2019-06-20T09:03:29Z" finished-at="2019-06-20T09:03:29Z">
          <exception class="org.openqa.selenium.remote.SessionNotFoundException">
            <message>
              <![CDATA[Session ID is null. Using WebDriver after calling quit()?
Build info: version: '2.53.1', revision: 'a36b8b1cd5757287168e54b817830adce9b0158d', time: '2016-06-30 19:26:09'
System info: host: 'edwins-MBP', ip: '192.168.43.35', os.name: 'Mac OS X', os.arch: 'x86_64', os.version: '10.13.6', java.version: '1.8.0_211'
Driver info: driver.version: RemoteWebDriver]]>
            </message>
            <full-stacktrace>
              <![CDATA[org.openqa.selenium.remote.SessionNotFoundException: Session ID is null. Using WebDriver after calling quit()?
Build info: version: '2.53.1', revision: 'a36b8b1cd5757287168e54b817830adce9b0158d', time: '2016-06-30 19:26:09'
System info: host: 'edwins-MBP', ip: '192.168.43.35', os.name: 'Mac OS X', os.arch: 'x86_64', os.version: '10.13.6', java.version: '1.8.0_211'
Driver info: driver.version: RemoteWebDriver
	at org.openqa.selenium.remote.HttpCommandExecutor.execute(HttpCommandExecutor.java:134)
	at org.openqa.selenium.remote.service.DriverCommandExecutor.execute(DriverCommandExecutor.java:82)
	at org.openqa.selenium.remote.RemoteWebDriver.execute(RemoteWebDriver.java:644)
	at org.openqa.selenium.remote.RemoteWebDriver.execute(RemoteWebDriver.java:701)
	at org.openqa.selenium.remote.RemoteWebDriver.close(RemoteWebDriver.java:521)
	at drivers.DriverChrome.freeDriver(DriverChrome.java:28)
	at drivers.DriverFactory.tearDown(DriverFactory.java:28)
	at tests.CoreTest.tearDown(CoreTest.java:38)
	at sun.reflect.NativeMethodAccessorImpl.invoke0(Native Method)
	at sun.reflect.NativeMethodAccessorImpl.invoke(NativeMethodAccessorImpl.java:62)
	at sun.reflect.DelegatingMethodAccessorImpl.invoke(DelegatingMethodAccessorImpl.java:43)
	at java.lang.reflect.Method.invoke(Method.java:498)
	at org.testng.internal.MethodInvocationHelper.invokeMethod(MethodInvocationHelper.java:108)
	at org.testng.internal.Invoker.invokeConfigurationMethod(Invoker.java:523)
	at org.testng.internal.Invoker.invokeConfigurations(Invoker.java:224)
	at org.testng.internal.Invoker.invokeConfigurations(Invoker.java:146)
	at org.testng.TestRunner.afterRun(TestRunner.java:958)
	at org.testng.TestRunner.run(TestRunner.java:606)
	at org.testng.SuiteRunner.runTest(SuiteRunner.java:380)
	at org.testng.SuiteRunner.runSequentially(SuiteRunner.java:375)
	at org.testng.SuiteRunner.privateRun(SuiteRunner.java:340)
	at org.testng.SuiteRunner.run(SuiteRunner.java:289)
	at org.testng.SuiteRunnerWorker.runSuite(SuiteRunnerWorker.java:52)
	at org.testng.SuiteRunnerWorker.run(SuiteRunnerWorker.java:86)
	at org.testng.TestNG.runSuitesSequentially(TestNG.java:1301)
	at org.testng.TestNG.runSuitesLocally(TestNG.java:1226)
	at org.testng.TestNG.runSuites(TestNG.java:1144)
	at org.testng.TestNG.run(TestNG.java:1115)
	at org.testng.remote.AbstractRemoteTestNG.run(AbstractRemoteTestNG.java:115)
	at org.testng.remote.RemoteTestNG.initAndRun(RemoteTestNG.java:251)
	at org.testng.remote.RemoteTestNG.main(RemoteTestNG.java:77)
]]>
            </full-stacktrace>
          </exception> <!-- org.openqa.selenium.remote.SessionNotFoundException -->
          <reporter-output>
          </reporter-output>
        </test-method> <!-- tearDown -->
      </class> <!-- tests.SearchTest -->
    </test> <!-- Default test -->
  </suite> <!-- Default suite -->
</testng-results>
